<?xml version="1.0" encoding="UTF-8"?>
<testsuite name="CircleTest" tests="1" skipped="0" failures="0" errors="0" timestamp="2021-04-15T06:02:52" hostname="DESKTOP-4B9M86S" time="0.024">
  <properties/>
  <testcase name="shouldCalculateDiameter()" classname="CircleTest" time="0.024"/>
  <system-out><![CDATA[]]></system-out>
  <system-err><![CDATA[]]></system-err>
</testsuite>
